{"C:\\devlocal\\react-native\\news-app\\App.js": {"path":"C:\\devlocal\\react-native\\news-app\\App.js","statementMap":{"0":{"start":{"line":22,"column":12},"end":{"line":22,"column":38}},"1":{"start":{"line":23,"column":14},"end":{"line":23,"column":36}},"2":{"start":{"line":26,"column":2},"end":{"line":43,"column":4}},"3":{"start":{"line":48,"column":20},"end":{"line":48,"column":57}},"4":{"start":{"line":48,"column":41},"end":{"line":48,"column":56}},"5":{"start":{"line":49,"column":19},"end":{"line":49,"column":32}},"6":{"start":{"line":50,"column":33},"end":{"line":50,"column":77}},"7":{"start":{"line":52,"column":2},"end":{"line":54,"column":8}},"8":{"start":{"line":53,"column":4},"end":{"line":53,"column":21}},"9":{"start":{"line":56,"column":26},"end":{"line":61,"column":3}},"10":{"start":{"line":58,"column":19},"end":{"line":58,"column":40}},"11":{"start":{"line":60,"column":4},"end":{"line":60,"column":30}},"12":{"start":{"line":64,"column":24},"end":{"line":95,"column":4}},"13":{"start":{"line":64,"column":40},"end":{"line":95,"column":3}},"14":{"start":{"line":68,"column":6},"end":{"line":76,"column":7}},"15":{"start":{"line":69,"column":8},"end":{"line":69,"column":37}},"16":{"start":{"line":70,"column":13},"end":{"line":76,"column":7}},"17":{"start":{"line":71,"column":8},"end":{"line":71,"column":42}},"18":{"start":{"line":72,"column":13},"end":{"line":76,"column":7}},"19":{"start":{"line":73,"column":8},"end":{"line":73,"column":38}},"20":{"start":{"line":74,"column":13},"end":{"line":76,"column":7}},"21":{"start":{"line":75,"column":8},"end":{"line":75,"column":39}},"22":{"start":{"line":78,"column":6},"end":{"line":78,"column":68}},"23":{"start":{"line":97,"column":2},"end":{"line":109,"column":4}},"24":{"start":{"line":112,"column":15},"end":{"line":117,"column":2}}},"fnMap":{"0":{"name":"App","decl":{"start":{"line":25,"column":24},"end":{"line":25,"column":27}},"loc":{"start":{"line":25,"column":30},"end":{"line":44,"column":1}},"line":25},"1":{"name":"Home","decl":{"start":{"line":46,"column":9},"end":{"line":46,"column":13}},"loc":{"start":{"line":46,"column":16},"end":{"line":110,"column":1}},"line":46},"2":{"name":"(anonymous_2)","decl":{"start":{"line":48,"column":32},"end":{"line":48,"column":33}},"loc":{"start":{"line":48,"column":41},"end":{"line":48,"column":56}},"line":48},"3":{"name":"(anonymous_3)","decl":{"start":{"line":52,"column":12},"end":{"line":52,"column":13}},"loc":{"start":{"line":52,"column":18},"end":{"line":54,"column":3}},"line":52},"4":{"name":"(anonymous_4)","decl":{"start":{"line":56,"column":26},"end":{"line":56,"column":27}},"loc":{"start":{"line":56,"column":38},"end":{"line":61,"column":3}},"line":56},"5":{"name":"(anonymous_5)","decl":{"start":{"line":64,"column":24},"end":{"line":64,"column":25}},"loc":{"start":{"line":64,"column":40},"end":{"line":95,"column":3}},"line":64},"6":{"name":"(anonymous_6)","decl":{"start":{"line":65,"column":16},"end":{"line":65,"column":17}},"loc":{"start":{"line":65,"column":46},"end":{"line":79,"column":5}},"line":65}},"branchMap":{"0":{"loc":{"start":{"line":68,"column":6},"end":{"line":76,"column":7}},"type":"if","locations":[{"start":{"line":68,"column":6},"end":{"line":76,"column":7}},{"start":{"line":70,"column":13},"end":{"line":76,"column":7}}],"line":68},"1":{"loc":{"start":{"line":70,"column":13},"end":{"line":76,"column":7}},"type":"if","locations":[{"start":{"line":70,"column":13},"end":{"line":76,"column":7}},{"start":{"line":72,"column":13},"end":{"line":76,"column":7}}],"line":70},"2":{"loc":{"start":{"line":72,"column":13},"end":{"line":76,"column":7}},"type":"if","locations":[{"start":{"line":72,"column":13},"end":{"line":76,"column":7}},{"start":{"line":74,"column":13},"end":{"line":76,"column":7}}],"line":72},"3":{"loc":{"start":{"line":74,"column":13},"end":{"line":76,"column":7}},"type":"if","locations":[{"start":{"line":74,"column":13},"end":{"line":76,"column":7}},{"start":{},"end":{}}],"line":74}},"s":{"0":0,"1":0,"2":0,"3":0,"4":0,"5":0,"6":0,"7":0,"8":0,"9":0,"10":0,"11":0,"12":0,"13":0,"14":0,"15":0,"16":0,"17":0,"18":0,"19":0,"20":0,"21":0,"22":0,"23":0,"24":0},"f":{"0":0,"1":0,"2":0,"3":0,"4":0,"5":0,"6":0},"b":{"0":[0,0],"1":[0,0],"2":[0,0],"3":[0,0]}}
,"C:\\devlocal\\react-native\\news-app\\colors.js": {"path":"C:\\devlocal\\react-native\\news-app\\colors.js","statementMap":{"0":{"start":{"line":1,"column":22},"end":{"line":5,"column":1}}},"fnMap":{},"branchMap":{},"s":{"0":0},"f":{},"b":{}}
,"C:\\devlocal\\react-native\\news-app\\components\\Article.js": {"path":"C:\\devlocal\\react-native\\news-app\\components\\Article.js","statementMap":{"0":{"start":{"line":7,"column":21},"end":{"line":7,"column":36}},"1":{"start":{"line":9,"column":20},"end":{"line":18,"column":3}},"2":{"start":{"line":10,"column":17},"end":{"line":10,"column":28}},"3":{"start":{"line":11,"column":16},"end":{"line":11,"column":30}},"4":{"start":{"line":12,"column":18},"end":{"line":12,"column":37}},"5":{"start":{"line":13,"column":17},"end":{"line":13,"column":35}},"6":{"start":{"line":14,"column":17},"end":{"line":14,"column":32}},"7":{"start":{"line":15,"column":20},"end":{"line":15,"column":88}},"8":{"start":{"line":17,"column":4},"end":{"line":17,"column":57}},"9":{"start":{"line":21,"column":20},"end":{"line":34,"column":3}},"10":{"start":{"line":22,"column":4},"end":{"line":33,"column":5}},"11":{"start":{"line":23,"column":20},"end":{"line":23,"column":41}},"12":{"start":{"line":24,"column":18},"end":{"line":24,"column":43}},"13":{"start":{"line":26,"column":27},"end":{"line":26,"column":48}},"14":{"start":{"line":28,"column":6},"end":{"line":32,"column":7}},"15":{"start":{"line":29,"column":8},"end":{"line":29,"column":36}},"16":{"start":{"line":31,"column":8},"end":{"line":31,"column":27}},"17":{"start":{"line":36,"column":2},"end":{"line":60,"column":3}},"18":{"start":{"line":39,"column":8},"end":{"line":41,"column":10}},"19":{"start":{"line":63,"column":15},"end":{"line":82,"column":2}}},"fnMap":{"0":{"name":"Article","decl":{"start":{"line":6,"column":9},"end":{"line":6,"column":16}},"loc":{"start":{"line":6,"column":49},"end":{"line":61,"column":1}},"line":6},"1":{"name":"(anonymous_1)","decl":{"start":{"line":9,"column":20},"end":{"line":9,"column":21}},"loc":{"start":{"line":9,"column":27},"end":{"line":18,"column":3}},"line":9},"2":{"name":"(anonymous_2)","decl":{"start":{"line":21,"column":20},"end":{"line":21,"column":21}},"loc":{"start":{"line":21,"column":29},"end":{"line":34,"column":3}},"line":21},"3":{"name":"(anonymous_3)","decl":{"start":{"line":38,"column":15},"end":{"line":38,"column":16}},"loc":{"start":{"line":38,"column":21},"end":{"line":42,"column":7}},"line":38}},"branchMap":{"0":{"loc":{"start":{"line":15,"column":20},"end":{"line":15,"column":88}},"type":"cond-expr","locations":[{"start":{"line":15,"column":45},"end":{"line":15,"column":68}},{"start":{"line":15,"column":71},"end":{"line":15,"column":88}}],"line":15},"1":{"loc":{"start":{"line":22,"column":4},"end":{"line":33,"column":5}},"type":"if","locations":[{"start":{"line":22,"column":4},"end":{"line":33,"column":5}},{"start":{},"end":{}}],"line":22},"2":{"loc":{"start":{"line":28,"column":6},"end":{"line":32,"column":7}},"type":"if","locations":[{"start":{"line":28,"column":6},"end":{"line":32,"column":7}},{"start":{"line":30,"column":13},"end":{"line":32,"column":7}}],"line":28}},"s":{"0":0,"1":0,"2":0,"3":0,"4":0,"5":0,"6":0,"7":0,"8":0,"9":0,"10":0,"11":0,"12":0,"13":0,"14":0,"15":0,"16":0,"17":0,"18":0,"19":0},"f":{"0":0,"1":0,"2":0,"3":0},"b":{"0":[0,0],"1":[0,0],"2":[0,0]}}
,"C:\\devlocal\\react-native\\news-app\\components\\ArticleActions.js": {"path":"C:\\devlocal\\react-native\\news-app\\components\\ArticleActions.js","statementMap":{"0":{"start":{"line":11,"column":38},"end":{"line":11,"column":53}},"1":{"start":{"line":14,"column":20},"end":{"line":14,"column":57}},"2":{"start":{"line":14,"column":41},"end":{"line":14,"column":56}},"3":{"start":{"line":15,"column":19},"end":{"line":15,"column":32}},"4":{"start":{"line":16,"column":42},"end":{"line":16,"column":86}},"5":{"start":{"line":18,"column":2},"end":{"line":20,"column":17}},"6":{"start":{"line":19,"column":4},"end":{"line":19,"column":23}},"7":{"start":{"line":22,"column":28},"end":{"line":30,"column":3}},"8":{"start":{"line":23,"column":4},"end":{"line":29,"column":5}},"9":{"start":{"line":24,"column":6},"end":{"line":28,"column":8}},"10":{"start":{"line":25,"column":8},"end":{"line":27,"column":9}},"11":{"start":{"line":26,"column":10},"end":{"line":26,"column":29}},"12":{"start":{"line":32,"column":30},"end":{"line":55,"column":3}},"13":{"start":{"line":33,"column":4},"end":{"line":54,"column":5}},"14":{"start":{"line":34,"column":6},"end":{"line":34,"column":25}},"15":{"start":{"line":36,"column":32},"end":{"line":42,"column":7}},"16":{"start":{"line":45,"column":6},"end":{"line":45,"column":90}},"17":{"start":{"line":47,"column":6},"end":{"line":47,"column":36}},"18":{"start":{"line":49,"column":6},"end":{"line":49,"column":26}},"19":{"start":{"line":51,"column":6},"end":{"line":51,"column":36}},"20":{"start":{"line":53,"column":6},"end":{"line":53,"column":36}},"21":{"start":{"line":57,"column":23},"end":{"line":76,"column":3}},"22":{"start":{"line":58,"column":4},"end":{"line":75,"column":5}},"23":{"start":{"line":59,"column":21},"end":{"line":62,"column":8}},"24":{"start":{"line":63,"column":6},"end":{"line":71,"column":7}},"25":{"start":{"line":64,"column":8},"end":{"line":68,"column":9}},"26":{"start":{"line":69,"column":13},"end":{"line":71,"column":7}},"27":{"start":{"line":73,"column":6},"end":{"line":73,"column":27}},"28":{"start":{"line":74,"column":6},"end":{"line":74,"column":24}},"29":{"start":{"line":78,"column":2},"end":{"line":93,"column":3}},"30":{"start":{"line":81,"column":23},"end":{"line":81,"column":37}},"31":{"start":{"line":87,"column":23},"end":{"line":87,"column":44}},"32":{"start":{"line":96,"column":15},"end":{"line":106,"column":2}}},"fnMap":{"0":{"name":"ArticleActions","decl":{"start":{"line":10,"column":9},"end":{"line":10,"column":23}},"loc":{"start":{"line":10,"column":31},"end":{"line":94,"column":1}},"line":10},"1":{"name":"(anonymous_1)","decl":{"start":{"line":14,"column":32},"end":{"line":14,"column":33}},"loc":{"start":{"line":14,"column":41},"end":{"line":14,"column":56}},"line":14},"2":{"name":"(anonymous_2)","decl":{"start":{"line":18,"column":12},"end":{"line":18,"column":13}},"loc":{"start":{"line":18,"column":18},"end":{"line":20,"column":3}},"line":18},"3":{"name":"(anonymous_3)","decl":{"start":{"line":22,"column":28},"end":{"line":22,"column":29}},"loc":{"start":{"line":22,"column":34},"end":{"line":30,"column":3}},"line":22},"4":{"name":"(anonymous_4)","decl":{"start":{"line":24,"column":24},"end":{"line":24,"column":25}},"loc":{"start":{"line":24,"column":36},"end":{"line":28,"column":7}},"line":24},"5":{"name":"(anonymous_5)","decl":{"start":{"line":32,"column":30},"end":{"line":32,"column":31}},"loc":{"start":{"line":32,"column":36},"end":{"line":55,"column":3}},"line":32},"6":{"name":"(anonymous_6)","decl":{"start":{"line":57,"column":23},"end":{"line":57,"column":24}},"loc":{"start":{"line":57,"column":35},"end":{"line":76,"column":3}},"line":57},"7":{"name":"(anonymous_7)","decl":{"start":{"line":81,"column":17},"end":{"line":81,"column":18}},"loc":{"start":{"line":81,"column":23},"end":{"line":81,"column":37}},"line":81},"8":{"name":"(anonymous_8)","decl":{"start":{"line":87,"column":17},"end":{"line":87,"column":18}},"loc":{"start":{"line":87,"column":23},"end":{"line":87,"column":44}},"line":87}},"branchMap":{"0":{"loc":{"start":{"line":23,"column":4},"end":{"line":29,"column":5}},"type":"if","locations":[{"start":{"line":23,"column":4},"end":{"line":29,"column":5}},{"start":{},"end":{}}],"line":23},"1":{"loc":{"start":{"line":25,"column":8},"end":{"line":27,"column":9}},"type":"if","locations":[{"start":{"line":25,"column":8},"end":{"line":27,"column":9}},{"start":{},"end":{}}],"line":25},"2":{"loc":{"start":{"line":33,"column":4},"end":{"line":54,"column":5}},"type":"if","locations":[{"start":{"line":33,"column":4},"end":{"line":54,"column":5}},{"start":{"line":48,"column":11},"end":{"line":54,"column":5}}],"line":33},"3":{"loc":{"start":{"line":63,"column":6},"end":{"line":71,"column":7}},"type":"if","locations":[{"start":{"line":63,"column":6},"end":{"line":71,"column":7}},{"start":{"line":69,"column":13},"end":{"line":71,"column":7}}],"line":63},"4":{"loc":{"start":{"line":64,"column":8},"end":{"line":68,"column":9}},"type":"if","locations":[{"start":{"line":64,"column":8},"end":{"line":68,"column":9}},{"start":{"line":66,"column":15},"end":{"line":68,"column":9}}],"line":64},"5":{"loc":{"start":{"line":69,"column":13},"end":{"line":71,"column":7}},"type":"if","locations":[{"start":{"line":69,"column":13},"end":{"line":71,"column":7}},{"start":{},"end":{}}],"line":69},"6":{"loc":{"start":{"line":90,"column":24},"end":{"line":90,"column":77}},"type":"cond-expr","locations":[{"start":{"line":90,"column":46},"end":{"line":90,"column":56}},{"start":{"line":90,"column":59},"end":{"line":90,"column":77}}],"line":90}},"s":{"0":0,"1":0,"2":0,"3":0,"4":0,"5":0,"6":0,"7":0,"8":0,"9":0,"10":0,"11":0,"12":0,"13":0,"14":0,"15":0,"16":0,"17":0,"18":0,"19":0,"20":0,"21":0,"22":0,"23":0,"24":0,"25":0,"26":0,"27":0,"28":0,"29":0,"30":0,"31":0,"32":0},"f":{"0":0,"1":0,"2":0,"3":0,"4":0,"5":0,"6":0,"7":0,"8":0},"b":{"0":[0,0],"1":[0,0],"2":[0,0],"3":[0,0],"4":[0,0],"5":[0,0],"6":[0,0]}}
,"C:\\devlocal\\react-native\\news-app\\components\\Articles.js": {"path":"C:\\devlocal\\react-native\\news-app\\components\\Articles.js","statementMap":{"0":{"start":{"line":7,"column":2},"end":{"line":24,"column":3}},"1":{"start":{"line":11,"column":10},"end":{"line":19,"column":11}}},"fnMap":{"0":{"name":"Articles","decl":{"start":{"line":5,"column":9},"end":{"line":5,"column":17}},"loc":{"start":{"line":5,"column":25},"end":{"line":25,"column":1}},"line":5},"1":{"name":"(anonymous_1)","decl":{"start":{"line":10,"column":44},"end":{"line":10,"column":45}},"loc":{"start":{"line":10,"column":64},"end":{"line":20,"column":9}},"line":10}},"branchMap":{"0":{"loc":{"start":{"line":10,"column":8},"end":{"line":21,"column":43}},"type":"cond-expr","locations":[{"start":{"line":10,"column":25},"end":{"line":20,"column":10}},{"start":{"line":21,"column":12},"end":{"line":21,"column":43}}],"line":10},"1":{"loc":{"start":{"line":17,"column":20},"end":{"line":17,"column":54}},"type":"binary-expr","locations":[{"start":{"line":17,"column":20},"end":{"line":17,"column":38}},{"start":{"line":17,"column":42},"end":{"line":17,"column":54}}],"line":17}},"s":{"0":0,"1":0},"f":{"0":0,"1":0},"b":{"0":[0,0],"1":[0,0]}}
,"C:\\devlocal\\react-native\\news-app\\components\\NewsFeed.js": {"path":"C:\\devlocal\\react-native\\news-app\\components\\NewsFeed.js","statementMap":{"0":{"start":{"line":5,"column":16},"end":{"line":5,"column":48}},"1":{"start":{"line":6,"column":22},"end":{"line":6,"column":39}},"2":{"start":{"line":9,"column":34},"end":{"line":9,"column":46}},"3":{"start":{"line":11,"column":2},"end":{"line":13,"column":25}},"4":{"start":{"line":12,"column":4},"end":{"line":12,"column":19}},"5":{"start":{"line":16,"column":4},"end":{"line":27,"column":5}},"6":{"start":{"line":17,"column":23},"end":{"line":17,"column":84}},"7":{"start":{"line":18,"column":22},"end":{"line":18,"column":43}},"8":{"start":{"line":20,"column":6},"end":{"line":24,"column":7}},"9":{"start":{"line":22,"column":33},"end":{"line":22,"column":61}},"10":{"start":{"line":23,"column":8},"end":{"line":23,"column":37}},"11":{"start":{"line":26,"column":6},"end":{"line":26,"column":24}},"12":{"start":{"line":30,"column":25},"end":{"line":40,"column":3}},"13":{"start":{"line":31,"column":22},"end":{"line":31,"column":24}},"14":{"start":{"line":33,"column":4},"end":{"line":37,"column":6}},"15":{"start":{"line":34,"column":6},"end":{"line":36,"column":7}},"16":{"start":{"line":35,"column":8},"end":{"line":35,"column":47}},"17":{"start":{"line":39,"column":4},"end":{"line":39,"column":22}},"18":{"start":{"line":42,"column":2},"end":{"line":46,"column":3}}},"fnMap":{"0":{"name":"NewsFeed","decl":{"start":{"line":8,"column":9},"end":{"line":8,"column":17}},"loc":{"start":{"line":8,"column":25},"end":{"line":47,"column":1}},"line":8},"1":{"name":"(anonymous_1)","decl":{"start":{"line":11,"column":12},"end":{"line":11,"column":13}},"loc":{"start":{"line":11,"column":18},"end":{"line":13,"column":3}},"line":11},"2":{"name":"fetchArticles","decl":{"start":{"line":15,"column":17},"end":{"line":15,"column":30}},"loc":{"start":{"line":15,"column":33},"end":{"line":28,"column":3}},"line":15},"3":{"name":"(anonymous_3)","decl":{"start":{"line":30,"column":25},"end":{"line":30,"column":26}},"loc":{"start":{"line":30,"column":35},"end":{"line":40,"column":3}},"line":30},"4":{"name":"(anonymous_4)","decl":{"start":{"line":33,"column":17},"end":{"line":33,"column":18}},"loc":{"start":{"line":33,"column":28},"end":{"line":37,"column":5}},"line":33}},"branchMap":{"0":{"loc":{"start":{"line":20,"column":6},"end":{"line":24,"column":7}},"type":"if","locations":[{"start":{"line":20,"column":6},"end":{"line":24,"column":7}},{"start":{},"end":{}}],"line":20},"1":{"loc":{"start":{"line":34,"column":6},"end":{"line":36,"column":7}},"type":"if","locations":[{"start":{"line":34,"column":6},"end":{"line":36,"column":7}},{"start":{},"end":{}}],"line":34}},"s":{"0":0,"1":0,"2":0,"3":0,"4":0,"5":0,"6":0,"7":0,"8":0,"9":0,"10":0,"11":0,"12":0,"13":0,"14":0,"15":0,"16":0,"17":0,"18":0},"f":{"0":0,"1":0,"2":0,"3":0,"4":0},"b":{"0":[0,0],"1":[0,0]}}
,"C:\\devlocal\\react-native\\news-app\\components\\SearchContainer.js": {"path":"C:\\devlocal\\react-native\\news-app\\components\\SearchContainer.js","statementMap":{"0":{"start":{"line":9,"column":27},"end":{"line":11,"column":3}},"1":{"start":{"line":10,"column":4},"end":{"line":10,"column":34}},"2":{"start":{"line":13,"column":28},"end":{"line":15,"column":3}},"3":{"start":{"line":14,"column":4},"end":{"line":14,"column":35}},"4":{"start":{"line":17,"column":28},"end":{"line":19,"column":3}},"5":{"start":{"line":18,"column":4},"end":{"line":18,"column":25}},"6":{"start":{"line":21,"column":27},"end":{"line":23,"column":3}},"7":{"start":{"line":22,"column":4},"end":{"line":22,"column":24}},"8":{"start":{"line":25,"column":2},"end":{"line":70,"column":3}},"9":{"start":{"line":30,"column":32},"end":{"line":30,"column":54}},"10":{"start":{"line":42,"column":27},"end":{"line":42,"column":53}},"11":{"start":{"line":51,"column":27},"end":{"line":51,"column":51}},"12":{"start":{"line":60,"column":23},"end":{"line":60,"column":42}},"13":{"start":{"line":64,"column":23},"end":{"line":64,"column":41}},"14":{"start":{"line":73,"column":15},"end":{"line":103,"column":2}}},"fnMap":{"0":{"name":"SearchContainer","decl":{"start":{"line":7,"column":9},"end":{"line":7,"column":24}},"loc":{"start":{"line":7,"column":32},"end":{"line":71,"column":1}},"line":7},"1":{"name":"(anonymous_1)","decl":{"start":{"line":9,"column":27},"end":{"line":9,"column":28}},"loc":{"start":{"line":9,"column":37},"end":{"line":11,"column":3}},"line":9},"2":{"name":"(anonymous_2)","decl":{"start":{"line":13,"column":28},"end":{"line":13,"column":29}},"loc":{"start":{"line":13,"column":39},"end":{"line":15,"column":3}},"line":13},"3":{"name":"(anonymous_3)","decl":{"start":{"line":17,"column":28},"end":{"line":17,"column":29}},"loc":{"start":{"line":17,"column":34},"end":{"line":19,"column":3}},"line":17},"4":{"name":"(anonymous_4)","decl":{"start":{"line":21,"column":27},"end":{"line":21,"column":28}},"loc":{"start":{"line":21,"column":33},"end":{"line":23,"column":3}},"line":21},"5":{"name":"(anonymous_5)","decl":{"start":{"line":30,"column":24},"end":{"line":30,"column":25}},"loc":{"start":{"line":30,"column":32},"end":{"line":30,"column":54}},"line":30},"6":{"name":"(anonymous_6)","decl":{"start":{"line":42,"column":21},"end":{"line":42,"column":22}},"loc":{"start":{"line":42,"column":27},"end":{"line":42,"column":53}},"line":42},"7":{"name":"(anonymous_7)","decl":{"start":{"line":51,"column":21},"end":{"line":51,"column":22}},"loc":{"start":{"line":51,"column":27},"end":{"line":51,"column":51}},"line":51},"8":{"name":"(anonymous_8)","decl":{"start":{"line":60,"column":17},"end":{"line":60,"column":18}},"loc":{"start":{"line":60,"column":23},"end":{"line":60,"column":42}},"line":60},"9":{"name":"(anonymous_9)","decl":{"start":{"line":64,"column":17},"end":{"line":64,"column":18}},"loc":{"start":{"line":64,"column":23},"end":{"line":64,"column":41}},"line":64}},"branchMap":{"0":{"loc":{"start":{"line":41,"column":20},"end":{"line":41,"column":74}},"type":"cond-expr","locations":[{"start":{"line":41,"column":51},"end":{"line":41,"column":60}},{"start":{"line":41,"column":63},"end":{"line":41,"column":74}}],"line":41},"1":{"loc":{"start":{"line":50,"column":20},"end":{"line":50,"column":72}},"type":"cond-expr","locations":[{"start":{"line":50,"column":49},"end":{"line":50,"column":58}},{"start":{"line":50,"column":61},"end":{"line":50,"column":72}}],"line":50}},"s":{"0":0,"1":0,"2":0,"3":0,"4":0,"5":0,"6":0,"7":0,"8":0,"9":0,"10":0,"11":0,"12":0,"13":0,"14":0},"f":{"0":0,"1":0,"2":0,"3":0,"4":0,"5":0,"6":0,"7":0,"8":0,"9":0},"b":{"0":[0,0],"1":[0,0]}}
,"C:\\devlocal\\react-native\\news-app\\database\\AsyncStorage.js": {"path":"C:\\devlocal\\react-native\\news-app\\database\\AsyncStorage.js","statementMap":{"0":{"start":{"line":3,"column":29},"end":{"line":18,"column":1}},"1":{"start":{"line":4,"column":13},"end":{"line":4,"column":15}},"2":{"start":{"line":7,"column":2},"end":{"line":17,"column":3}},"3":{"start":{"line":9,"column":4},"end":{"line":9,"column":42}},"4":{"start":{"line":10,"column":4},"end":{"line":10,"column":49}},"5":{"start":{"line":12,"column":24},"end":{"line":12,"column":74}},"6":{"start":{"line":12,"column":50},"end":{"line":12,"column":73}},"7":{"start":{"line":14,"column":4},"end":{"line":14,"column":24}},"8":{"start":{"line":16,"column":4},"end":{"line":16,"column":18}},"9":{"start":{"line":20,"column":28},"end":{"line":36,"column":1}},"10":{"start":{"line":21,"column":2},"end":{"line":35,"column":3}},"11":{"start":{"line":22,"column":24},"end":{"line":28,"column":5}},"12":{"start":{"line":30,"column":22},"end":{"line":30,"column":49}},"13":{"start":{"line":31,"column":4},"end":{"line":31,"column":51}},"14":{"start":{"line":32,"column":4},"end":{"line":32,"column":34}},"15":{"start":{"line":34,"column":4},"end":{"line":34,"column":18}},"16":{"start":{"line":38,"column":30},"end":{"line":45,"column":1}},"17":{"start":{"line":39,"column":2},"end":{"line":44,"column":3}},"18":{"start":{"line":40,"column":4},"end":{"line":40,"column":43}},"19":{"start":{"line":41,"column":4},"end":{"line":41,"column":36}},"20":{"start":{"line":43,"column":4},"end":{"line":43,"column":18}}},"fnMap":{"0":{"name":"(anonymous_0)","decl":{"start":{"line":3,"column":29},"end":{"line":3,"column":30}},"loc":{"start":{"line":3,"column":41},"end":{"line":18,"column":1}},"line":3},"1":{"name":"(anonymous_1)","decl":{"start":{"line":12,"column":38},"end":{"line":12,"column":39}},"loc":{"start":{"line":12,"column":50},"end":{"line":12,"column":73}},"line":12},"2":{"name":"(anonymous_2)","decl":{"start":{"line":20,"column":28},"end":{"line":20,"column":29}},"loc":{"start":{"line":20,"column":80},"end":{"line":36,"column":1}},"line":20},"3":{"name":"(anonymous_3)","decl":{"start":{"line":38,"column":30},"end":{"line":38,"column":31}},"loc":{"start":{"line":38,"column":50},"end":{"line":45,"column":1}},"line":38}},"branchMap":{},"s":{"0":0,"1":0,"2":0,"3":0,"4":0,"5":0,"6":0,"7":0,"8":0,"9":0,"10":0,"11":0,"12":0,"13":0,"14":0,"15":0,"16":0,"17":0,"18":0,"19":0,"20":0},"f":{"0":0,"1":0,"2":0,"3":0},"b":{}}
,"C:\\devlocal\\react-native\\news-app\\screens\\Bookmarks.js": {"path":"C:\\devlocal\\react-native\\news-app\\screens\\Bookmarks.js","statementMap":{"0":{"start":{"line":9,"column":20},"end":{"line":9,"column":57}},"1":{"start":{"line":9,"column":41},"end":{"line":9,"column":56}},"2":{"start":{"line":11,"column":2},"end":{"line":18,"column":3}},"3":{"start":{"line":21,"column":15},"end":{"line":25,"column":2}}},"fnMap":{"0":{"name":"Bookmarks","decl":{"start":{"line":7,"column":9},"end":{"line":7,"column":18}},"loc":{"start":{"line":7,"column":21},"end":{"line":19,"column":1}},"line":7},"1":{"name":"(anonymous_1)","decl":{"start":{"line":9,"column":32},"end":{"line":9,"column":33}},"loc":{"start":{"line":9,"column":41},"end":{"line":9,"column":56}},"line":9}},"branchMap":{"0":{"loc":{"start":{"line":13,"column":7},"end":{"line":15,"column":59}},"type":"cond-expr","locations":[{"start":{"line":14,"column":8},"end":{"line":14,"column":73}},{"start":{"line":15,"column":10},"end":{"line":15,"column":59}}],"line":13}},"s":{"0":0,"1":0,"2":0,"3":0},"f":{"0":0,"1":0},"b":{"0":[0,0]}}
,"C:\\devlocal\\react-native\\news-app\\screens\\Frontpage.js": {"path":"C:\\devlocal\\react-native\\news-app\\screens\\Frontpage.js","statementMap":{"0":{"start":{"line":7,"column":19},"end":{"line":7,"column":42}},"1":{"start":{"line":8,"column":23},"end":{"line":8,"column":58}},"2":{"start":{"line":9,"column":22},"end":{"line":9,"column":46}},"3":{"start":{"line":12,"column":38},"end":{"line":12,"column":50}},"4":{"start":{"line":13,"column":38},"end":{"line":13,"column":55}},"5":{"start":{"line":14,"column":30},"end":{"line":14,"column":53}},"6":{"start":{"line":16,"column":33},"end":{"line":18,"column":3}},"7":{"start":{"line":17,"column":4},"end":{"line":17,"column":24}},"8":{"start":{"line":20,"column":34},"end":{"line":22,"column":3}},"9":{"start":{"line":21,"column":4},"end":{"line":21,"column":24}},"10":{"start":{"line":24,"column":28},"end":{"line":38,"column":3}},"11":{"start":{"line":26,"column":4},"end":{"line":37,"column":5}},"12":{"start":{"line":28,"column":18},"end":{"line":28,"column":41}},"13":{"start":{"line":30,"column":6},"end":{"line":32,"column":7}},"14":{"start":{"line":31,"column":8},"end":{"line":31,"column":31}},"15":{"start":{"line":34,"column":6},"end":{"line":34,"column":22}},"16":{"start":{"line":36,"column":6},"end":{"line":36,"column":19}},"17":{"start":{"line":40,"column":26},"end":{"line":42,"column":3}},"18":{"start":{"line":41,"column":4},"end":{"line":41,"column":28}},"19":{"start":{"line":44,"column":22},"end":{"line":55,"column":3}},"20":{"start":{"line":45,"column":4},"end":{"line":54,"column":5}},"21":{"start":{"line":57,"column":2},"end":{"line":70,"column":3}},"22":{"start":{"line":73,"column":15},"end":{"line":77,"column":2}}},"fnMap":{"0":{"name":"Frontpage","decl":{"start":{"line":11,"column":9},"end":{"line":11,"column":18}},"loc":{"start":{"line":11,"column":21},"end":{"line":71,"column":1}},"line":11},"1":{"name":"(anonymous_1)","decl":{"start":{"line":16,"column":33},"end":{"line":16,"column":34}},"loc":{"start":{"line":16,"column":44},"end":{"line":18,"column":3}},"line":16},"2":{"name":"(anonymous_2)","decl":{"start":{"line":20,"column":34},"end":{"line":20,"column":35}},"loc":{"start":{"line":20,"column":45},"end":{"line":22,"column":3}},"line":20},"3":{"name":"(anonymous_3)","decl":{"start":{"line":24,"column":28},"end":{"line":24,"column":29}},"loc":{"start":{"line":24,"column":34},"end":{"line":38,"column":3}},"line":24},"4":{"name":"(anonymous_4)","decl":{"start":{"line":40,"column":26},"end":{"line":40,"column":27}},"loc":{"start":{"line":40,"column":32},"end":{"line":42,"column":3}},"line":40},"5":{"name":"(anonymous_5)","decl":{"start":{"line":44,"column":22},"end":{"line":44,"column":23}},"loc":{"start":{"line":44,"column":28},"end":{"line":55,"column":3}},"line":44}},"branchMap":{"0":{"loc":{"start":{"line":26,"column":4},"end":{"line":37,"column":5}},"type":"if","locations":[{"start":{"line":26,"column":4},"end":{"line":37,"column":5}},{"start":{"line":35,"column":11},"end":{"line":37,"column":5}}],"line":26},"1":{"loc":{"start":{"line":30,"column":6},"end":{"line":32,"column":7}},"type":"if","locations":[{"start":{"line":30,"column":6},"end":{"line":32,"column":7}},{"start":{},"end":{}}],"line":30}},"s":{"0":0,"1":0,"2":0,"3":0,"4":0,"5":0,"6":0,"7":0,"8":0,"9":0,"10":0,"11":0,"12":0,"13":0,"14":0,"15":0,"16":0,"17":0,"18":0,"19":0,"20":0,"21":0,"22":0},"f":{"0":0,"1":0,"2":0,"3":0,"4":0,"5":0},"b":{"0":[0,0],"1":[0,0]}}
,"C:\\devlocal\\react-native\\news-app\\screens\\Intro.js": {"path":"C:\\devlocal\\react-native\\news-app\\screens\\Intro.js","statementMap":{"0":{"start":{"line":6,"column":4},"end":{"line":13,"column":6}},"1":{"start":{"line":17,"column":15},"end":{"line":34,"column":2}}},"fnMap":{"0":{"name":"(anonymous_0)","decl":{"start":{"line":5,"column":2},"end":{"line":5,"column":3}},"loc":{"start":{"line":5,"column":11},"end":{"line":14,"column":3}},"line":5}},"branchMap":{},"s":{"0":0,"1":0},"f":{"0":0},"b":{}}
,"C:\\devlocal\\react-native\\news-app\\screens\\LatestArticles.js": {"path":"C:\\devlocal\\react-native\\news-app\\screens\\LatestArticles.js","statementMap":{"0":{"start":{"line":5,"column":19},"end":{"line":5,"column":46}},"1":{"start":{"line":8,"column":2},"end":{"line":12,"column":3}},"2":{"start":{"line":15,"column":15},"end":{"line":19,"column":2}}},"fnMap":{"0":{"name":"LatestArticles","decl":{"start":{"line":7,"column":9},"end":{"line":7,"column":23}},"loc":{"start":{"line":7,"column":26},"end":{"line":13,"column":1}},"line":7}},"branchMap":{},"s":{"0":0,"1":0,"2":0},"f":{"0":0},"b":{}}
,"C:\\devlocal\\react-native\\news-app\\screens\\WebBrowser.js": {"path":"C:\\devlocal\\react-native\\news-app\\screens\\WebBrowser.js","statementMap":{"0":{"start":{"line":7,"column":2},"end":{"line":21,"column":3}},"1":{"start":{"line":24,"column":15},"end":{"line":38,"column":2}}},"fnMap":{"0":{"name":"WebBrowser","decl":{"start":{"line":5,"column":9},"end":{"line":5,"column":19}},"loc":{"start":{"line":5,"column":31},"end":{"line":22,"column":1}},"line":5}},"branchMap":{"0":{"loc":{"start":{"line":9,"column":7},"end":{"line":18,"column":15}},"type":"cond-expr","locations":[{"start":{"line":10,"column":8},"end":{"line":14,"column":15}},{"start":{"line":16,"column":8},"end":{"line":18,"column":15}}],"line":9},"1":{"loc":{"start":{"line":9,"column":7},"end":{"line":9,"column":58}},"type":"binary-expr","locations":[{"start":{"line":9,"column":7},"end":{"line":9,"column":31}},{"start":{"line":9,"column":35},"end":{"line":9,"column":58}}],"line":9}},"s":{"0":0,"1":0},"f":{"0":0},"b":{"0":[0,0],"1":[0,0]}}
,"C:\\devlocal\\react-native\\news-app\\state\\index.js": {"path":"C:\\devlocal\\react-native\\news-app\\state\\index.js","statementMap":{},"fnMap":{},"branchMap":{},"s":{},"f":{},"b":{}}
,"C:\\devlocal\\react-native\\news-app\\state\\store.js": {"path":"C:\\devlocal\\react-native\\news-app\\state\\store.js","statementMap":{"0":{"start":{"line":5,"column":21},"end":{"line":9,"column":1}}},"fnMap":{},"branchMap":{},"s":{"0":0},"f":{},"b":{}}
,"C:\\devlocal\\react-native\\news-app\\state\\action-creators\\index.js": {"path":"C:\\devlocal\\react-native\\news-app\\state\\action-creators\\index.js","statementMap":{"0":{"start":{"line":1,"column":27},"end":{"line":14,"column":1}},"1":{"start":{"line":2,"column":2},"end":{"line":13,"column":3}},"2":{"start":{"line":3,"column":4},"end":{"line":12,"column":6}},"3":{"start":{"line":16,"column":30},"end":{"line":25,"column":1}},"4":{"start":{"line":17,"column":2},"end":{"line":24,"column":3}},"5":{"start":{"line":18,"column":4},"end":{"line":23,"column":6}},"6":{"start":{"line":27,"column":34},"end":{"line":36,"column":1}},"7":{"start":{"line":28,"column":2},"end":{"line":35,"column":3}},"8":{"start":{"line":29,"column":4},"end":{"line":34,"column":6}}},"fnMap":{"0":{"name":"(anonymous_0)","decl":{"start":{"line":1,"column":27},"end":{"line":1,"column":28}},"loc":{"start":{"line":1,"column":41},"end":{"line":14,"column":1}},"line":1},"1":{"name":"(anonymous_1)","decl":{"start":{"line":2,"column":9},"end":{"line":2,"column":10}},"loc":{"start":{"line":2,"column":23},"end":{"line":13,"column":3}},"line":2},"2":{"name":"(anonymous_2)","decl":{"start":{"line":16,"column":30},"end":{"line":16,"column":31}},"loc":{"start":{"line":16,"column":44},"end":{"line":25,"column":1}},"line":16},"3":{"name":"(anonymous_3)","decl":{"start":{"line":17,"column":9},"end":{"line":17,"column":10}},"loc":{"start":{"line":17,"column":23},"end":{"line":24,"column":3}},"line":17},"4":{"name":"(anonymous_4)","decl":{"start":{"line":27,"column":34},"end":{"line":27,"column":35}},"loc":{"start":{"line":27,"column":49},"end":{"line":36,"column":1}},"line":27},"5":{"name":"(anonymous_5)","decl":{"start":{"line":28,"column":9},"end":{"line":28,"column":10}},"loc":{"start":{"line":28,"column":23},"end":{"line":35,"column":3}},"line":28}},"branchMap":{},"s":{"0":0,"1":0,"2":0,"3":0,"4":0,"5":0,"6":0,"7":0,"8":0},"f":{"0":0,"1":0,"2":0,"3":0,"4":0,"5":0},"b":{}}
,"C:\\devlocal\\react-native\\news-app\\state\\reducers\\bookmarkReducer.js": {"path":"C:\\devlocal\\react-native\\news-app\\state\\reducers\\bookmarkReducer.js","statementMap":{"0":{"start":{"line":1,"column":16},"end":{"line":21,"column":1}},"1":{"start":{"line":2,"column":2},"end":{"line":20,"column":3}},"2":{"start":{"line":4,"column":6},"end":{"line":4,"column":37}},"3":{"start":{"line":6,"column":6},"end":{"line":15,"column":7}},"4":{"start":{"line":17,"column":6},"end":{"line":17,"column":84}},"5":{"start":{"line":17,"column":38},"end":{"line":17,"column":83}},"6":{"start":{"line":19,"column":6},"end":{"line":19,"column":18}}},"fnMap":{"0":{"name":"(anonymous_0)","decl":{"start":{"line":1,"column":16},"end":{"line":1,"column":17}},"loc":{"start":{"line":1,"column":40},"end":{"line":21,"column":1}},"line":1},"1":{"name":"(anonymous_1)","decl":{"start":{"line":17,"column":26},"end":{"line":17,"column":27}},"loc":{"start":{"line":17,"column":38},"end":{"line":17,"column":83}},"line":17}},"branchMap":{"0":{"loc":{"start":{"line":1,"column":17},"end":{"line":1,"column":27}},"type":"default-arg","locations":[{"start":{"line":1,"column":25},"end":{"line":1,"column":27}}],"line":1},"1":{"loc":{"start":{"line":2,"column":2},"end":{"line":20,"column":3}},"type":"switch","locations":[{"start":{"line":3,"column":4},"end":{"line":4,"column":37}},{"start":{"line":5,"column":4},"end":{"line":15,"column":7}},{"start":{"line":16,"column":4},"end":{"line":17,"column":84}},{"start":{"line":18,"column":4},"end":{"line":19,"column":18}}],"line":2}},"s":{"0":0,"1":0,"2":0,"3":0,"4":0,"5":0,"6":0},"f":{"0":0,"1":0},"b":{"0":[0],"1":[0,0,0,0]}}
,"C:\\devlocal\\react-native\\news-app\\state\\reducers\\index.js": {"path":"C:\\devlocal\\react-native\\news-app\\state\\reducers\\index.js","statementMap":{"0":{"start":{"line":4,"column":17},"end":{"line":6,"column":2}}},"fnMap":{},"branchMap":{},"s":{"0":0},"f":{},"b":{}}
}
